This file contains any messages produced by compilers while
running configure, to aid debugging if configure makes a mistake.

It was created by GNU FriBidi configure 1.0.8, which was
generated by GNU Autoconf 2.69.  Invocation command line was

  $ ./configure 

## --------- ##
## Platform. ##
## --------- ##

hostname = MacBook-Pro-Vladyslav.local
uname -m = x86_64
uname -r = 18.7.0
uname -s = Darwin
uname -v = Darwin Kernel Version 18.7.0: Tue Aug 20 16:57:14 PDT 2019; root:xnu-4903.271.2~2/RELEASE_X86_64

/usr/bin/uname -p = i386
/bin/uname -X     = unknown

/bin/arch              = unknown
/usr/bin/arch -k       = unknown
/usr/convex/getsysinfo = unknown
/usr/bin/hostinfo      = Mach kernel version:
	 Darwin Kernel Version 18.7.0: Tue Aug 20 16:57:14 PDT 2019; root:xnu-4903.271.2~2/RELEASE_X86_64
Kernel configured for up to 16 processors.
8 processors are physically available.
16 processors are logically available.
Processor type: x86_64h (Intel x86-64h Haswell)
Processors active: 0 1 2 3 4 5 6 7 8 9 10 11 12 13 14 15
Primary memory available: 16.00 gigabytes
Default processor set: 462 tasks, 2019 threads, 16 processors
Load average: 2.77, Mach factor: 13.22
/bin/machine           = unknown
/usr/bin/oslevel       = unknown
/bin/universe          = unknown

PATH: /usr/local/bin
PATH: /usr/bin
PATH: /bin
PATH: /usr/sbin
PATH: /sbin


## ----------- ##
## Core tests. ##
## ----------- ##

configure:2487: checking for a BSD-compatible install
configure:2555: result: /usr/bin/install -c
configure:2566: checking whether build environment is sane
configure:2621: result: yes
configure:2772: checking for a thread-safe mkdir -p
configure:2811: result: ./install-sh -c -d
configure:2818: checking for gawk
configure:2848: result: no
configure:2818: checking for mawk
configure:2848: result: no
configure:2818: checking for nawk
configure:2848: result: no
configure:2818: checking for awk
configure:2834: found /usr/bin/awk
configure:2845: result: awk
configure:2856: checking whether make sets $(MAKE)
configure:2878: result: yes
configure:2907: checking whether make supports nested variables
configure:2924: result: yes
configure:3052: checking whether make supports nested variables
configure:3069: result: yes
configure:3085: checking whether make supports the include directive
configure:3100: make -f confmf.GNU && cat confinc.out
this is the am__doit target
configure:3103: $? = 0
configure:3122: result: yes (GNU style)
configure:3192: checking for gcc
configure:3208: found /usr/bin/gcc
configure:3219: result: gcc
configure:3448: checking for C compiler version
configure:3457: gcc --version >&5
Apple clang version 11.0.0 (clang-1100.0.33.8)
Target: x86_64-apple-darwin18.7.0
Thread model: posix
InstalledDir: /Applications/Xcode.app/Contents/Developer/Toolchains/XcodeDefault.xctoolchain/usr/bin
Configured with: --prefix=/Applications/Xcode.app/Contents/Developer/usr --with-gxx-include-dir=/Library/Developer/CommandLineTools/SDKs/MacOSX.sdk/usr/include/c++/4.2.1
configure:3468: $? = 0
configure:3457: gcc -v >&5
Configured with: --prefix=/Applications/Xcode.app/Contents/Developer/usr --with-gxx-include-dir=/Library/Developer/CommandLineTools/SDKs/MacOSX.sdk/usr/include/c++/4.2.1
Apple clang version 11.0.0 (clang-1100.0.33.8)
Target: x86_64-apple-darwin18.7.0
Thread model: posix
InstalledDir: /Applications/Xcode.app/Contents/Developer/Toolchains/XcodeDefault.xctoolchain/usr/bin
configure:3468: $? = 0
configure:3457: gcc -V >&5
clang: error: unsupported option '-V -Wno-framework-include-private-from-public'
clang: error: no input files
configure:3468: $? = 1
configure:3457: gcc -qversion >&5
clang: error: unknown argument '-qversion', did you mean '--version'?
clang: error: no input files
configure:3468: $? = 1
configure:3488: checking whether the C compiler works
configure:3510: gcc    conftest.c  >&5
configure:3514: $? = 0
configure:3562: result: yes
configure:3565: checking for C compiler default output file name
configure:3567: result: a.out
configure:3573: checking for suffix of executables
configure:3580: gcc -o conftest    conftest.c  >&5
configure:3584: $? = 0
configure:3606: result: 
configure:3628: checking whether we are cross compiling
configure:3636: gcc -o conftest    conftest.c  >&5
configure:3640: $? = 0
configure:3647: ./conftest
configure:3651: $? = 0
configure:3666: result: no
configure:3671: checking for suffix of object files
configure:3693: gcc -c   conftest.c >&5
configure:3697: $? = 0
configure:3718: result: o
configure:3722: checking whether we are using the GNU C compiler
configure:3741: gcc -c   conftest.c >&5
configure:3741: $? = 0
configure:3750: result: yes
configure:3759: checking whether gcc accepts -g
configure:3779: gcc -c -g  conftest.c >&5
configure:3779: $? = 0
configure:3820: result: yes
configure:3837: checking for gcc option to accept ISO C89
configure:3900: gcc  -c -g -O2  conftest.c >&5
configure:3900: $? = 0
configure:3913: result: none needed
configure:3938: checking whether gcc understands -c and -o together
configure:3960: gcc -c conftest.c -o conftest2.o
configure:3963: $? = 0
configure:3960: gcc -c conftest.c -o conftest2.o
configure:3963: $? = 0
configure:3975: result: yes
configure:3994: checking dependency style of gcc
configure:4105: result: gcc3
configure:4170: checking for ar
configure:4186: found /usr/bin/ar
configure:4197: result: ar
configure:4223: checking the archiver (ar) interface
configure:4239: gcc -c -g -O2  conftest.c >&5
configure:4239: $? = 0
configure:4241: ar cru libconftest.a conftest.o >&5
configure:4244: $? = 0
configure:4272: result: ar
configure:4297: WARNING: Libtool does not cope well with whitespace in `pwd`
configure:4324: checking build system type
configure:4338: result: x86_64-apple-darwin18.7.0
configure:4358: checking host system type
configure:4371: result: x86_64-apple-darwin18.7.0
configure:4412: checking how to print strings
configure:4439: result: printf
configure:4460: checking for a sed that does not truncate output
configure:4524: result: /usr/bin/sed
configure:4542: checking for grep that handles long lines and -e
configure:4600: result: /usr/bin/grep
configure:4605: checking for egrep
configure:4667: result: /usr/bin/grep -E
configure:4672: checking for fgrep
configure:4734: result: /usr/bin/grep -F
configure:4769: checking for ld used by gcc
configure:4836: result: /Applications/Xcode.app/Contents/Developer/Toolchains/XcodeDefault.xctoolchain/usr/bin/ld
configure:4843: checking if the linker (/Applications/Xcode.app/Contents/Developer/Toolchains/XcodeDefault.xctoolchain/usr/bin/ld) is GNU ld
configure:4858: result: no
configure:4870: checking for BSD- or MS-compatible name lister (nm)
configure:4924: result: /usr/bin/nm -B
configure:5054: checking the name lister (/usr/bin/nm -B) interface
configure:5061: gcc -c -g -O2  conftest.c >&5
configure:5064: /usr/bin/nm -B "conftest.o"
configure:5067: output
000000000000024c S _some_variable
configure:5074: result: BSD nm
configure:5077: checking whether ln -s works
configure:5081: result: yes
configure:5089: checking the maximum length of command line arguments
configure:5220: result: 196608
configure:5268: checking how to convert x86_64-apple-darwin18.7.0 file names to x86_64-apple-darwin18.7.0 format
configure:5308: result: func_convert_file_noop
configure:5315: checking how to convert x86_64-apple-darwin18.7.0 file names to toolchain format
configure:5335: result: func_convert_file_noop
configure:5342: checking for /Applications/Xcode.app/Contents/Developer/Toolchains/XcodeDefault.xctoolchain/usr/bin/ld option to reload object files
configure:5349: result: -r
configure:5423: checking for objdump
configure:5439: found /usr/bin/objdump
configure:5450: result: objdump
configure:5482: checking how to recognize dependent libraries
configure:5682: result: pass_all
configure:5767: checking for dlltool
configure:5797: result: no
configure:5827: checking how to associate runtime and link libraries
configure:5854: result: printf %s\n
configure:5978: checking for archiver @FILE support
configure:5995: gcc -c -g -O2  conftest.c >&5
configure:5995: $? = 0
configure:5998: ar cru libconftest.a @conftest.lst >&5
ar: @conftest.lst: No such file or directory
configure:6001: $? = 1
configure:6021: result: no
configure:6079: checking for strip
configure:6095: found /usr/bin/strip
configure:6106: result: strip
configure:6178: checking for ranlib
configure:6194: found /usr/bin/ranlib
configure:6205: result: ranlib
configure:6307: checking command to parse /usr/bin/nm -B output from gcc object
configure:6460: gcc -c -g -O2  conftest.c >&5
configure:6463: $? = 0
configure:6467: /usr/bin/nm -B conftest.o \| sed -n -e 's/^.*[ ]\([BCDEGRST][BCDEGRST]*\)[ ][ ]*\([_A-Za-z][_A-Za-z0-9]*\)$/\1 \2 \2/p' | sed '/ __gnu_lto/d' \> conftest.nm
configure:6470: $? = 0
cannot find nm_test_var in conftest.nm
configure:6460: gcc -c -g -O2  conftest.c >&5
configure:6463: $? = 0
configure:6467: /usr/bin/nm -B conftest.o \| sed -n -e 's/^.*[ ]\([BCDEGRST][BCDEGRST]*\)[ ][ ]*_\([_A-Za-z][_A-Za-z0-9]*\)$/\1 _\2 \2/p' | sed '/ __gnu_lto/d' \> conftest.nm
configure:6470: $? = 0
configure:6536: gcc -o conftest -g -O2   conftest.c conftstm.o >&5
warning: (x86_64)  could not find object file symbol for symbol _main
configure:6539: $? = 0
configure:6577: result: ok
configure:6624: checking for sysroot
configure:6654: result: no
configure:6661: checking for a working dd
configure:6699: result: /bin/dd
configure:6703: checking how to truncate binary pipes
configure:6718: result: /bin/dd bs=4096 count=1
configure:7047: checking for mt
configure:7077: result: no
configure:7097: checking if : is a manifest tool
configure:7103: : '-?'
configure:7111: result: no
configure:7167: checking for dsymutil
configure:7183: found /usr/bin/dsymutil
configure:7194: result: dsymutil
configure:7259: checking for nmedit
configure:7275: found /usr/bin/nmedit
configure:7286: result: nmedit
configure:7351: checking for lipo
configure:7367: found /usr/bin/lipo
configure:7378: result: lipo
configure:7443: checking for otool
configure:7459: found /usr/bin/otool
configure:7470: result: otool
configure:7535: checking for otool64
configure:7565: result: no
configure:7610: checking for -single_module linker flag
gcc -g -O2  -o libconftest.dylib -dynamiclib -Wl,-single_module conftest.c
configure:7643: result: yes
configure:7646: checking for -exported_symbols_list linker flag
configure:7666: gcc -o conftest -g -O2   -Wl,-exported_symbols_list,conftest.sym conftest.c  >&5
configure:7666: $? = 0
configure:7676: result: yes
configure:7679: checking for -force_load linker flag
gcc -g -O2 -c -o conftest.o conftest.c
ar cru libconftest.a conftest.o
ranlib libconftest.a
gcc -g -O2  -o conftest conftest.c -Wl,-force_load,./libconftest.a
configure:7711: result: yes
configure:7788: checking how to run the C preprocessor
configure:7819: gcc -E  conftest.c
configure:7819: $? = 0
configure:7833: gcc -E  conftest.c
conftest.c:9:10: fatal error: 'ac_nonexistent.h' file not found
#include <ac_nonexistent.h>
         ^~~~~~~~~~~~~~~~~~
1 error generated.
configure:7833: $? = 1
configure: failed program was:
| /* confdefs.h */
| #define PACKAGE_NAME "GNU FriBidi"
| #define PACKAGE_TARNAME "fribidi"
| #define PACKAGE_VERSION "1.0.8"
| #define PACKAGE_STRING "GNU FriBidi 1.0.8"
| #define PACKAGE_BUGREPORT "https://github.com/fribidi/fribidi/issues/new"
| #define PACKAGE_URL "http://fribidi.org/"
| /* end confdefs.h.  */
| #include <ac_nonexistent.h>
configure:7858: result: gcc -E
configure:7878: gcc -E  conftest.c
configure:7878: $? = 0
configure:7892: gcc -E  conftest.c
conftest.c:9:10: fatal error: 'ac_nonexistent.h' file not found
#include <ac_nonexistent.h>
         ^~~~~~~~~~~~~~~~~~
1 error generated.
configure:7892: $? = 1
configure: failed program was:
| /* confdefs.h */
| #define PACKAGE_NAME "GNU FriBidi"
| #define PACKAGE_TARNAME "fribidi"
| #define PACKAGE_VERSION "1.0.8"
| #define PACKAGE_STRING "GNU FriBidi 1.0.8"
| #define PACKAGE_BUGREPORT "https://github.com/fribidi/fribidi/issues/new"
| #define PACKAGE_URL "http://fribidi.org/"
| /* end confdefs.h.  */
| #include <ac_nonexistent.h>
configure:7921: checking for ANSI C header files
configure:7941: gcc -c -g -O2  conftest.c >&5
configure:7941: $? = 0
configure:8014: gcc -o conftest -g -O2   conftest.c  >&5
configure:8014: $? = 0
configure:8014: ./conftest
configure:8014: $? = 0
configure:8025: result: yes
configure:8038: checking for sys/types.h
configure:8038: gcc -c -g -O2  conftest.c >&5
configure:8038: $? = 0
configure:8038: result: yes
configure:8038: checking for sys/stat.h
configure:8038: gcc -c -g -O2  conftest.c >&5
configure:8038: $? = 0
configure:8038: result: yes
configure:8038: checking for stdlib.h
configure:8038: gcc -c -g -O2  conftest.c >&5
configure:8038: $? = 0
configure:8038: result: yes
configure:8038: checking for string.h
configure:8038: gcc -c -g -O2  conftest.c >&5
configure:8038: $? = 0
configure:8038: result: yes
configure:8038: checking for memory.h
configure:8038: gcc -c -g -O2  conftest.c >&5
configure:8038: $? = 0
configure:8038: result: yes
configure:8038: checking for strings.h
configure:8038: gcc -c -g -O2  conftest.c >&5
configure:8038: $? = 0
configure:8038: result: yes
configure:8038: checking for inttypes.h
configure:8038: gcc -c -g -O2  conftest.c >&5
configure:8038: $? = 0
configure:8038: result: yes
configure:8038: checking for stdint.h
configure:8038: gcc -c -g -O2  conftest.c >&5
configure:8038: $? = 0
configure:8038: result: yes
configure:8038: checking for unistd.h
configure:8038: gcc -c -g -O2  conftest.c >&5
configure:8038: $? = 0
configure:8038: result: yes
configure:8052: checking for dlfcn.h
configure:8052: gcc -c -g -O2  conftest.c >&5
configure:8052: $? = 0
configure:8052: result: yes
configure:8307: checking for objdir
configure:8322: result: .libs
configure:8586: checking if gcc supports -fno-rtti -fno-exceptions
configure:8604: gcc -c -g -O2  -fno-rtti -fno-exceptions conftest.c >&5
configure:8608: $? = 0
configure:8621: result: yes
configure:8979: checking for gcc option to produce PIC
configure:8986: result: -fno-common -DPIC
configure:8994: checking if gcc PIC flag -fno-common -DPIC works
configure:9012: gcc -c -g -O2  -fno-common -DPIC -DPIC conftest.c >&5
configure:9016: $? = 0
configure:9029: result: yes
configure:9058: checking if gcc static flag -static works
configure:9086: result: no
configure:9101: checking if gcc supports -c -o file.o
configure:9122: gcc -c -g -O2  -o out/conftest2.o conftest.c >&5
configure:9126: $? = 0
configure:9148: result: yes
configure:9156: checking if gcc supports -c -o file.o
configure:9203: result: yes
configure:9236: checking whether the gcc linker (/Applications/Xcode.app/Contents/Developer/Toolchains/XcodeDefault.xctoolchain/usr/bin/ld) supports shared libraries
configure:10495: result: yes
configure:10735: checking dynamic linker characteristics
configure:11553: result: darwin18.7.0 dyld
configure:11675: checking how to hardcode library paths into programs
configure:11700: result: immediate
configure:12248: checking whether stripping libraries is possible
configure:12262: result: yes
configure:12288: checking if libtool supports shared libraries
configure:12290: result: yes
configure:12293: checking whether to build shared libraries
configure:12318: result: yes
configure:12321: checking whether to build static libraries
configure:12325: result: no
configure:12438: checking for gcc
configure:12465: result: gcc
configure:12694: checking for C compiler version
configure:12703: gcc --version >&5
Apple clang version 11.0.0 (clang-1100.0.33.8)
Target: x86_64-apple-darwin18.7.0
Thread model: posix
InstalledDir: /Applications/Xcode.app/Contents/Developer/Toolchains/XcodeDefault.xctoolchain/usr/bin
Configured with: --prefix=/Applications/Xcode.app/Contents/Developer/usr --with-gxx-include-dir=/Library/Developer/CommandLineTools/SDKs/MacOSX.sdk/usr/include/c++/4.2.1
configure:12714: $? = 0
configure:12703: gcc -v >&5
Configured with: --prefix=/Applications/Xcode.app/Contents/Developer/usr --with-gxx-include-dir=/Library/Developer/CommandLineTools/SDKs/MacOSX.sdk/usr/include/c++/4.2.1
Apple clang version 11.0.0 (clang-1100.0.33.8)
Target: x86_64-apple-darwin18.7.0
Thread model: posix
InstalledDir: /Applications/Xcode.app/Contents/Developer/Toolchains/XcodeDefault.xctoolchain/usr/bin
configure:12714: $? = 0
configure:12703: gcc -V >&5
clang: error: unsupported option '-V -Wno-framework-include-private-from-public'
clang: error: no input files
configure:12714: $? = 1
configure:12703: gcc -qversion >&5
clang: error: unknown argument '-qversion', did you mean '--version'?
clang: error: no input files
configure:12714: $? = 1
configure:12718: checking whether we are using the GNU C compiler
configure:12746: result: yes
configure:12755: checking whether gcc accepts -g
configure:12816: result: yes
configure:12833: checking for gcc option to accept ISO C89
configure:12909: result: none needed
configure:12934: checking whether gcc understands -c and -o together
configure:12971: result: yes
configure:12990: checking dependency style of gcc
configure:13101: result: gcc3
configure:13171: checking for pkg-config
configure:13189: found /usr/local/bin/pkg-config
configure:13201: result: /usr/local/bin/pkg-config
configure:13226: checking pkg-config is at least version 0.9.0
configure:13229: result: yes
configure:13237: checking for native Win32
configure:13243: result: no
configure:13253: checking for some Win32 platform
configure:13259: result: no
configure:13272: checking for ANSI C header files
configure:13376: result: yes
configure:13387: checking for stdlib.h
configure:13387: result: yes
configure:13387: checking for string.h
configure:13387: result: yes
configure:13387: checking for strings.h
configure:13387: result: yes
configure:13387: checking wchar.h usability
configure:13387: gcc -c -g -O2  conftest.c >&5
configure:13387: $? = 0
configure:13387: result: yes
configure:13387: checking wchar.h presence
configure:13387: gcc -E  conftest.c
configure:13387: $? = 0
configure:13387: result: yes
configure:13387: checking for wchar.h
configure:13387: result: yes
configure:13387: checking asm/page.h usability
configure:13387: gcc -c -g -O2  conftest.c >&5
conftest.c:59:10: fatal error: 'asm/page.h' file not found
#include <asm/page.h>
         ^~~~~~~~~~~~
1 error generated.
configure:13387: $? = 1
configure: failed program was:
| /* confdefs.h */
| #define PACKAGE_NAME "GNU FriBidi"
| #define PACKAGE_TARNAME "fribidi"
| #define PACKAGE_VERSION "1.0.8"
| #define PACKAGE_STRING "GNU FriBidi 1.0.8"
| #define PACKAGE_BUGREPORT "https://github.com/fribidi/fribidi/issues/new"
| #define PACKAGE_URL "http://fribidi.org/"
| #define STDC_HEADERS 1
| #define HAVE_SYS_TYPES_H 1
| #define HAVE_SYS_STAT_H 1
| #define HAVE_STDLIB_H 1
| #define HAVE_STRING_H 1
| #define HAVE_MEMORY_H 1
| #define HAVE_STRINGS_H 1
| #define HAVE_INTTYPES_H 1
| #define HAVE_STDINT_H 1
| #define HAVE_UNISTD_H 1
| #define HAVE_DLFCN_H 1
| #define LT_OBJDIR ".libs/"
| #define STDC_HEADERS 1
| #define HAVE_STDLIB_H 1
| #define HAVE_STRING_H 1
| #define HAVE_STRINGS_H 1
| #define HAVE_WCHAR_H 1
| /* end confdefs.h.  */
| #include <stdio.h>
| #ifdef HAVE_SYS_TYPES_H
| # include <sys/types.h>
| #endif
| #ifdef HAVE_SYS_STAT_H
| # include <sys/stat.h>
| #endif
| #ifdef STDC_HEADERS
| # include <stdlib.h>
| # include <stddef.h>
| #else
| # ifdef HAVE_STDLIB_H
| #  include <stdlib.h>
| # endif
| #endif
| #ifdef HAVE_STRING_H
| # if !defined STDC_HEADERS && defined HAVE_MEMORY_H
| #  include <memory.h>
| # endif
| # include <string.h>
| #endif
| #ifdef HAVE_STRINGS_H
| # include <strings.h>
| #endif
| #ifdef HAVE_INTTYPES_H
| # include <inttypes.h>
| #endif
| #ifdef HAVE_STDINT_H
| # include <stdint.h>
| #endif
| #ifdef HAVE_UNISTD_H
| # include <unistd.h>
| #endif
| #include <asm/page.h>
configure:13387: result: no
configure:13387: checking asm/page.h presence
configure:13387: gcc -E  conftest.c
conftest.c:26:10: fatal error: 'asm/page.h' file not found
#include <asm/page.h>
         ^~~~~~~~~~~~
1 error generated.
configure:13387: $? = 1
configure: failed program was:
| /* confdefs.h */
| #define PACKAGE_NAME "GNU FriBidi"
| #define PACKAGE_TARNAME "fribidi"
| #define PACKAGE_VERSION "1.0.8"
| #define PACKAGE_STRING "GNU FriBidi 1.0.8"
| #define PACKAGE_BUGREPORT "https://github.com/fribidi/fribidi/issues/new"
| #define PACKAGE_URL "http://fribidi.org/"
| #define STDC_HEADERS 1
| #define HAVE_SYS_TYPES_H 1
| #define HAVE_SYS_STAT_H 1
| #define HAVE_STDLIB_H 1
| #define HAVE_STRING_H 1
| #define HAVE_MEMORY_H 1
| #define HAVE_STRINGS_H 1
| #define HAVE_INTTYPES_H 1
| #define HAVE_STDINT_H 1
| #define HAVE_UNISTD_H 1
| #define HAVE_DLFCN_H 1
| #define LT_OBJDIR ".libs/"
| #define STDC_HEADERS 1
| #define HAVE_STDLIB_H 1
| #define HAVE_STRING_H 1
| #define HAVE_STRINGS_H 1
| #define HAVE_WCHAR_H 1
| /* end confdefs.h.  */
| #include <asm/page.h>
configure:13387: result: no
configure:13387: checking for asm/page.h
configure:13387: result: no
configure:13387: checking sys/times.h usability
configure:13387: gcc -c -g -O2  conftest.c >&5
configure:13387: $? = 0
configure:13387: result: yes
configure:13387: checking sys/times.h presence
configure:13387: gcc -E  conftest.c
configure:13387: $? = 0
configure:13387: result: yes
configure:13387: checking for sys/times.h
configure:13387: result: yes
configure:13399: checking for an ANSI C-conforming const
configure:13465: gcc -c -g -O2  conftest.c >&5
configure:13465: $? = 0
configure:13472: result: yes
configure:13480: checking for preprocessor stringizing operator
configure:13500: result: yes
configure:13512: checking size of int
configure:13517: gcc -o conftest -g -O2   conftest.c  >&5
configure:13517: $? = 0
configure:13517: ./conftest
configure:13517: $? = 0
configure:13531: result: 4
configure:13547: checking size of short
configure:13552: gcc -o conftest -g -O2   conftest.c  >&5
configure:13552: $? = 0
configure:13552: ./conftest
configure:13552: $? = 0
configure:13566: result: 2
configure:13580: checking size of void *
configure:13585: gcc -o conftest -g -O2   conftest.c  >&5
configure:13585: $? = 0
configure:13585: ./conftest
configure:13585: $? = 0
configure:13599: result: 8
configure:13613: checking size of wchar_t
configure:13618: gcc -o conftest -g -O2   conftest.c  >&5
configure:13618: $? = 0
configure:13618: ./conftest
configure:13618: $? = 0
configure:13632: result: 4
configure:13698: checking for gcc
configure:13714: found /usr/bin/gcc
configure:13725: result: gcc
configure:13954: checking for C compiler version
configure:13963: gcc --version >&5
Apple clang version 11.0.0 (clang-1100.0.33.8)
Target: x86_64-apple-darwin18.7.0
Thread model: posix
InstalledDir: /Applications/Xcode.app/Contents/Developer/Toolchains/XcodeDefault.xctoolchain/usr/bin
Configured with: --prefix=/Applications/Xcode.app/Contents/Developer/usr --with-gxx-include-dir=/Library/Developer/CommandLineTools/SDKs/MacOSX.sdk/usr/include/c++/4.2.1
configure:13974: $? = 0
configure:13963: gcc -v >&5
Configured with: --prefix=/Applications/Xcode.app/Contents/Developer/usr --with-gxx-include-dir=/Library/Developer/CommandLineTools/SDKs/MacOSX.sdk/usr/include/c++/4.2.1
Apple clang version 11.0.0 (clang-1100.0.33.8)
Target: x86_64-apple-darwin18.7.0
Thread model: posix
InstalledDir: /Applications/Xcode.app/Contents/Developer/Toolchains/XcodeDefault.xctoolchain/usr/bin
configure:13974: $? = 0
configure:13963: gcc -V >&5
clang: error: unsupported option '-V -Wno-framework-include-private-from-public'
clang: error: no input files
configure:13974: $? = 1
configure:13963: gcc -qversion >&5
clang: error: unknown argument '-qversion', did you mean '--version'?
clang: error: no input files
configure:13974: $? = 1
configure:13978: checking whether we are using the GNU C compiler
configure:14006: result: yes
configure:14015: checking whether gcc accepts -g
configure:14035: gcc -c -g -O2  conftest.c >&5
configure:14035: $? = 0
configure:14076: result: yes
configure:14093: checking for gcc option to accept ISO C89
configure:14169: result: none needed
configure:14194: checking whether gcc understands -c and -o together
configure:14231: result: yes
configure:14250: checking dependency style of gcc
configure:14361: result: gcc3
configure:14381: checking how to run the C preprocessor
configure:14412: gcc -E  conftest.c
configure:14412: $? = 0
configure:14426: gcc -E  conftest.c
conftest.c:32:10: fatal error: 'ac_nonexistent.h' file not found
#include <ac_nonexistent.h>
         ^~~~~~~~~~~~~~~~~~
1 error generated.
configure:14426: $? = 1
configure: failed program was:
| /* confdefs.h */
| #define PACKAGE_NAME "GNU FriBidi"
| #define PACKAGE_TARNAME "fribidi"
| #define PACKAGE_VERSION "1.0.8"
| #define PACKAGE_STRING "GNU FriBidi 1.0.8"
| #define PACKAGE_BUGREPORT "https://github.com/fribidi/fribidi/issues/new"
| #define PACKAGE_URL "http://fribidi.org/"
| #define STDC_HEADERS 1
| #define HAVE_SYS_TYPES_H 1
| #define HAVE_SYS_STAT_H 1
| #define HAVE_STDLIB_H 1
| #define HAVE_STRING_H 1
| #define HAVE_MEMORY_H 1
| #define HAVE_STRINGS_H 1
| #define HAVE_INTTYPES_H 1
| #define HAVE_STDINT_H 1
| #define HAVE_UNISTD_H 1
| #define HAVE_DLFCN_H 1
| #define LT_OBJDIR ".libs/"
| #define STDC_HEADERS 1
| #define HAVE_STDLIB_H 1
| #define HAVE_STRING_H 1
| #define HAVE_STRINGS_H 1
| #define HAVE_WCHAR_H 1
| #define HAVE_SYS_TIMES_H 1
| #define HAVE_STRINGIZE 1
| #define SIZEOF_INT 4
| #define SIZEOF_SHORT 2
| #define SIZEOF_VOID_P 8
| #define SIZEOF_WCHAR_T 4
| /* end confdefs.h.  */
| #include <ac_nonexistent.h>
configure:14451: result: gcc -E
configure:14471: gcc -E  conftest.c
configure:14471: $? = 0
configure:14485: gcc -E  conftest.c
conftest.c:32:10: fatal error: 'ac_nonexistent.h' file not found
#include <ac_nonexistent.h>
         ^~~~~~~~~~~~~~~~~~
1 error generated.
configure:14485: $? = 1
configure: failed program was:
| /* confdefs.h */
| #define PACKAGE_NAME "GNU FriBidi"
| #define PACKAGE_TARNAME "fribidi"
| #define PACKAGE_VERSION "1.0.8"
| #define PACKAGE_STRING "GNU FriBidi 1.0.8"
| #define PACKAGE_BUGREPORT "https://github.com/fribidi/fribidi/issues/new"
| #define PACKAGE_URL "http://fribidi.org/"
| #define STDC_HEADERS 1
| #define HAVE_SYS_TYPES_H 1
| #define HAVE_SYS_STAT_H 1
| #define HAVE_STDLIB_H 1
| #define HAVE_STRING_H 1
| #define HAVE_MEMORY_H 1
| #define HAVE_STRINGS_H 1
| #define HAVE_INTTYPES_H 1
| #define HAVE_STDINT_H 1
| #define HAVE_UNISTD_H 1
| #define HAVE_DLFCN_H 1
| #define LT_OBJDIR ".libs/"
| #define STDC_HEADERS 1
| #define HAVE_STDLIB_H 1
| #define HAVE_STRING_H 1
| #define HAVE_STRINGS_H 1
| #define HAVE_WCHAR_H 1
| #define HAVE_SYS_TIMES_H 1
| #define HAVE_STRINGIZE 1
| #define SIZEOF_INT 4
| #define SIZEOF_SHORT 2
| #define SIZEOF_VOID_P 8
| #define SIZEOF_WCHAR_T 4
| /* end confdefs.h.  */
| #include <ac_nonexistent.h>
configure:14532: checking for memmove
configure:14532: gcc -o conftest -g -O2 -Wall -ansi    conftest.c  >&5
conftest.c:55:6: warning: incompatible redeclaration of library function 'memmove' [-Wincompatible-library-redeclaration]
char memmove ();
     ^
conftest.c:55:6: note: 'memmove' is a builtin with type 'void *(void *, const void *, unsigned long)'
1 warning generated.
configure:14532: $? = 0
configure:14532: result: yes
configure:14532: checking for memset
configure:14532: gcc -o conftest -g -O2 -Wall -ansi    conftest.c  >&5
conftest.c:56:6: warning: incompatible redeclaration of library function 'memset' [-Wincompatible-library-redeclaration]
char memset ();
     ^
conftest.c:56:6: note: 'memset' is a builtin with type 'void *(void *, int, unsigned long)'
1 warning generated.
configure:14532: $? = 0
configure:14532: result: yes
configure:14532: checking for strdup
configure:14532: gcc -o conftest -g -O2 -Wall -ansi    conftest.c  >&5
configure:14532: $? = 0
configure:14532: result: yes
configure:14541: checking return type of signal handlers
configure:14559: gcc -c -g -O2 -Wall -ansi   conftest.c >&5
conftest.c:41:8: error: indirection requires pointer operand ('void' invalid)
return *(signal (0, 0)) (0) == 1;
       ^~~~~~~~~~~~~~~~~~~~
1 error generated.
configure:14559: $? = 1
configure: failed program was:
| /* confdefs.h */
| #define PACKAGE_NAME "GNU FriBidi"
| #define PACKAGE_TARNAME "fribidi"
| #define PACKAGE_VERSION "1.0.8"
| #define PACKAGE_STRING "GNU FriBidi 1.0.8"
| #define PACKAGE_BUGREPORT "https://github.com/fribidi/fribidi/issues/new"
| #define PACKAGE_URL "http://fribidi.org/"
| #define STDC_HEADERS 1
| #define HAVE_SYS_TYPES_H 1
| #define HAVE_SYS_STAT_H 1
| #define HAVE_STDLIB_H 1
| #define HAVE_STRING_H 1
| #define HAVE_MEMORY_H 1
| #define HAVE_STRINGS_H 1
| #define HAVE_INTTYPES_H 1
| #define HAVE_STDINT_H 1
| #define HAVE_UNISTD_H 1
| #define HAVE_DLFCN_H 1
| #define LT_OBJDIR ".libs/"
| #define STDC_HEADERS 1
| #define HAVE_STDLIB_H 1
| #define HAVE_STRING_H 1
| #define HAVE_STRINGS_H 1
| #define HAVE_WCHAR_H 1
| #define HAVE_SYS_TIMES_H 1
| #define HAVE_STRINGIZE 1
| #define SIZEOF_INT 4
| #define SIZEOF_SHORT 2
| #define SIZEOF_VOID_P 8
| #define SIZEOF_WCHAR_T 4
| #define HAVE_MEMMOVE 1
| #define HAVE_MEMSET 1
| #define HAVE_STRDUP 1
| /* end confdefs.h.  */
| #include <sys/types.h>
| #include <signal.h>
| 
| int
| main ()
| {
| return *(signal (0, 0)) (0) == 1;
|   ;
|   return 0;
| }
configure:14566: result: void
configure:14716: checking that generated files are newer than configure
configure:14722: result: done
configure:14761: creating ./config.status

## ---------------------- ##
## Running config.status. ##
## ---------------------- ##

This file was extended by GNU FriBidi config.status 1.0.8, which was
generated by GNU Autoconf 2.69.  Invocation command line was

  CONFIG_FILES    = 
  CONFIG_HEADERS  = 
  CONFIG_LINKS    = 
  CONFIG_COMMANDS = 
  $ ./config.status 

on MacBook-Pro-Vladyslav.local

config.status:1129: creating fribidi.pc
config.status:1129: creating lib/fribidi-config.h
config.status:1129: creating Makefile
config.status:1129: creating gen.tab/Makefile
config.status:1129: creating lib/Makefile
config.status:1129: creating bin/Makefile
config.status:1129: creating doc/Makefile
config.status:1129: creating test/Makefile
config.status:1129: creating test/unicode-conformance/Makefile
config.status:1129: creating config.h
config.status:1358: executing depfiles commands
config.status:1435: cd gen.tab       && sed -e '/# am--include-marker/d' Makefile         | make -f - am--depfiles
config.status:1440: $? = 0
config.status:1435: cd lib       && sed -e '/# am--include-marker/d' Makefile         | make -f - am--depfiles
config.status:1440: $? = 0
config.status:1435: cd bin       && sed -e '/# am--include-marker/d' Makefile         | make -f - am--depfiles
config.status:1440: $? = 0
config.status:1435: cd test/unicode-conformance       && sed -e '/# am--include-marker/d' Makefile         | make -f - am--depfiles
config.status:1440: $? = 0
config.status:1358: executing libtool commands

## ---------------- ##
## Cache variables. ##
## ---------------- ##

ac_cv_build=x86_64-apple-darwin18.7.0
ac_cv_build_prog_CPP='gcc -E'
ac_cv_build_prog_cc_g=yes
ac_cv_c_compiler_gnu=yes
ac_cv_c_const=yes
ac_cv_c_stringize=yes
ac_cv_env_CC_set=
ac_cv_env_CC_value=
ac_cv_env_CFLAGS_set=
ac_cv_env_CFLAGS_value=
ac_cv_env_CPPFLAGS_set=
ac_cv_env_CPPFLAGS_value=
ac_cv_env_CPP_set=
ac_cv_env_CPP_value=
ac_cv_env_LDFLAGS_set=
ac_cv_env_LDFLAGS_value=
ac_cv_env_LIBS_set=
ac_cv_env_LIBS_value=
ac_cv_env_LT_SYS_LIBRARY_PATH_set=
ac_cv_env_LT_SYS_LIBRARY_PATH_value=
ac_cv_env_PKG_CONFIG_LIBDIR_set=
ac_cv_env_PKG_CONFIG_LIBDIR_value=
ac_cv_env_PKG_CONFIG_PATH_set=
ac_cv_env_PKG_CONFIG_PATH_value=
ac_cv_env_PKG_CONFIG_set=
ac_cv_env_PKG_CONFIG_value=
ac_cv_env_build_alias_set=
ac_cv_env_build_alias_value=
ac_cv_env_host_alias_set=
ac_cv_env_host_alias_value=
ac_cv_env_target_alias_set=
ac_cv_env_target_alias_value=
ac_cv_func_memmove=yes
ac_cv_func_memset=yes
ac_cv_func_strdup=yes
ac_cv_header_asm_page_h=no
ac_cv_header_dlfcn_h=yes
ac_cv_header_inttypes_h=yes
ac_cv_header_memory_h=yes
ac_cv_header_stdc=yes
ac_cv_header_stdint_h=yes
ac_cv_header_stdlib_h=yes
ac_cv_header_string_h=yes
ac_cv_header_strings_h=yes
ac_cv_header_sys_stat_h=yes
ac_cv_header_sys_times_h=yes
ac_cv_header_sys_types_h=yes
ac_cv_header_unistd_h=yes
ac_cv_header_wchar_h=yes
ac_cv_host=x86_64-apple-darwin18.7.0
ac_cv_objext=o
ac_cv_path_EGREP='/usr/bin/grep -E'
ac_cv_path_FGREP='/usr/bin/grep -F'
ac_cv_path_GREP=/usr/bin/grep
ac_cv_path_SED=/usr/bin/sed
ac_cv_path_ac_pt_PKG_CONFIG=/usr/local/bin/pkg-config
ac_cv_path_install='/usr/bin/install -c'
ac_cv_path_lt_DD=/bin/dd
ac_cv_prog_AWK=awk
ac_cv_prog_CPP='gcc -E'
ac_cv_prog_ac_ct_AR=ar
ac_cv_prog_ac_ct_CC=gcc
ac_cv_prog_ac_ct_CC_FOR_BUILD=gcc
ac_cv_prog_ac_ct_DSYMUTIL=dsymutil
ac_cv_prog_ac_ct_LIPO=lipo
ac_cv_prog_ac_ct_NMEDIT=nmedit
ac_cv_prog_ac_ct_OBJDUMP=objdump
ac_cv_prog_ac_ct_OTOOL=otool
ac_cv_prog_ac_ct_RANLIB=ranlib
ac_cv_prog_ac_ct_STRIP=strip
ac_cv_prog_cc_c89=
ac_cv_prog_cc_g=yes
ac_cv_prog_make_make_set=yes
ac_cv_sizeof_int=4
ac_cv_sizeof_short=2
ac_cv_sizeof_void_p=8
ac_cv_sizeof_wchar_t=4
ac_cv_type_signal=void
am_cv_CC_dependencies_compiler_type=gcc3
am_cv_ar_interface=ar
am_cv_make_support_nested_variables=yes
am_cv_prog_cc_c_o=yes
lt_cv_apple_cc_single_mod=yes
lt_cv_ar_at_file=no
lt_cv_deplibs_check_method=pass_all
lt_cv_file_magic_cmd='$MAGIC_CMD'
lt_cv_file_magic_test_file=
lt_cv_ld_exported_symbols_list=yes
lt_cv_ld_force_load=yes
lt_cv_ld_reload_flag=-r
lt_cv_nm_interface='BSD nm'
lt_cv_objdir=.libs
lt_cv_path_LD=/Applications/Xcode.app/Contents/Developer/Toolchains/XcodeDefault.xctoolchain/usr/bin/ld
lt_cv_path_NM='/usr/bin/nm -B'
lt_cv_path_mainfest_tool=no
lt_cv_prog_compiler_c_o=yes
lt_cv_prog_compiler_pic='-fno-common -DPIC'
lt_cv_prog_compiler_pic_works=yes
lt_cv_prog_compiler_rtti_exceptions=yes
lt_cv_prog_compiler_static_works=no
lt_cv_prog_gnu_ld=no
lt_cv_sharedlib_from_linklib_cmd='printf %s\n'
lt_cv_sys_global_symbol_pipe='sed -n -e '\''s/^.*[	 ]\([BCDEGRST][BCDEGRST]*\)[	 ][	 ]*_\([_A-Za-z][_A-Za-z0-9]*\)$/\1 _\2 \2/p'\'' | sed '\''/ __gnu_lto/d'\'''
lt_cv_sys_global_symbol_to_c_name_address='sed -n -e '\''s/^: \(.*\) .*$/  {"\1", (void *) 0},/p'\'' -e '\''s/^[BCDEGRST][BCDEGRST]* .* \(.*\)$/  {"\1", (void *) \&\1},/p'\'''
lt_cv_sys_global_symbol_to_c_name_address_lib_prefix='sed -n -e '\''s/^: \(.*\) .*$/  {"\1", (void *) 0},/p'\'' -e '\''s/^[BCDEGRST][BCDEGRST]* .* \(lib.*\)$/  {"\1", (void *) \&\1},/p'\'' -e '\''s/^[BCDEGRST][BCDEGRST]* .* \(.*\)$/  {"lib\1", (void *) \&\1},/p'\'''
lt_cv_sys_global_symbol_to_cdecl='sed -n -e '\''s/^T .* \(.*\)$/extern int \1();/p'\'' -e '\''s/^[BCDEGRST][BCDEGRST]* .* \(.*\)$/extern char \1;/p'\'''
lt_cv_sys_global_symbol_to_import=
lt_cv_sys_max_cmd_len=196608
lt_cv_to_host_file_cmd=func_convert_file_noop
lt_cv_to_tool_file_cmd=func_convert_file_noop
lt_cv_truncate_bin='/bin/dd bs=4096 count=1'

## ----------------- ##
## Output variables. ##
## ----------------- ##

ACLOCAL='${SHELL} "/Users/vserhiienko/Projects/TransferKitty/TransferKitty/TransferKitty Shared/fribidi-1.0.8/missing" aclocal-1.16'
AMDEPBACKSLASH='\'
AMDEP_FALSE='#'
AMDEP_TRUE=''
AMTAR='$${TAR-tar}'
AM_BACKSLASH='\'
AM_DEFAULT_V='$(AM_DEFAULT_VERBOSITY)'
AM_DEFAULT_VERBOSITY='0'
AM_V='$(V)'
AR='ar'
AUTOCONF='${SHELL} "/Users/vserhiienko/Projects/TransferKitty/TransferKitty/TransferKitty Shared/fribidi-1.0.8/missing" autoconf'
AUTOHEADER='${SHELL} "/Users/vserhiienko/Projects/TransferKitty/TransferKitty/TransferKitty Shared/fribidi-1.0.8/missing" autoheader'
AUTOMAKE='${SHELL} "/Users/vserhiienko/Projects/TransferKitty/TransferKitty/TransferKitty Shared/fribidi-1.0.8/missing" automake-1.16'
AWK='awk'
BUILD_EXEEXT=''
BUILD_OBJEXT=''
CC='gcc'
CCDEPMODE='depmode=gcc3'
CC_FOR_BUILD='gcc'
CFLAGS='-g -O2 -Wall -ansi '
CFLAGS_FOR_BUILD='-g -O2'
CPP='gcc -E'
CPPFLAGS=''
CPPFLAGS_FOR_BUILD=''
CPP_FOR_BUILD='gcc -E'
CYGPATH_W='echo'
DEFS='-DHAVE_CONFIG_H'
DEPDIR='.deps'
DLLTOOL='false'
DSYMUTIL='dsymutil'
DUMPBIN=''
ECHO_C='\c'
ECHO_N=''
ECHO_T=''
EGREP='/usr/bin/grep -E'
EXEEXT=''
FGREP='/usr/bin/grep -F'
FRIBIDI_BINARY_AGE='4'
FRIBIDI_INTERFACE_AGE='0'
FRIBIDI_INTERFACE_VERSION='4'
FRIBIDI_MAJOR_VERSION='1'
FRIBIDI_MICRO_VERSION='8'
FRIBIDI_MINOR_VERSION='0'
FRIBIDI_MSVC_BUILD_PLACEHOLDER='#undef FRIBIDI_BUILT_WITH_MSVC'
FRIBIDI_VERSION='1.0.8'
GREP='/usr/bin/grep'
INSTALL_DATA='${INSTALL} -m 644'
INSTALL_PROGRAM='${INSTALL}'
INSTALL_SCRIPT='${INSTALL}'
INSTALL_STRIP_PROGRAM='$(install_sh) -c -s'
LD='/Applications/Xcode.app/Contents/Developer/Toolchains/XcodeDefault.xctoolchain/usr/bin/ld'
LDFLAGS=''
LDFLAGS_FOR_BUILD=''
LIBOBJS=''
LIBS=''
LIBTOOL='$(SHELL) $(top_builddir)/libtool'
LIPO='lipo'
LN_S='ln -s'
LTLIBOBJS=''
LT_CURRENT_MINUS_AGE='0'
LT_SYS_LIBRARY_PATH=''
LT_VERSION_INFO='4:0:4'
MAKEINFO='${SHELL} "/Users/vserhiienko/Projects/TransferKitty/TransferKitty/TransferKitty Shared/fribidi-1.0.8/missing" makeinfo'
MANIFEST_TOOL=':'
MKDIR_P='./install-sh -c -d'
NM='/usr/bin/nm -B'
NMEDIT='nmedit'
OBJDUMP='objdump'
OBJEXT='o'
OS_WIN32_FALSE=''
OS_WIN32_TRUE='#'
OTOOL64=':'
OTOOL='otool'
PACKAGE='fribidi'
PACKAGE_BUGREPORT='https://github.com/fribidi/fribidi/issues/new'
PACKAGE_NAME='GNU FriBidi'
PACKAGE_STRING='GNU FriBidi 1.0.8'
PACKAGE_TARNAME='fribidi'
PACKAGE_URL='http://fribidi.org/'
PACKAGE_VERSION='1.0.8'
PATH_SEPARATOR=':'
PKG_CONFIG='/usr/local/bin/pkg-config'
PKG_CONFIG_LIBDIR=''
PKG_CONFIG_PATH=''
PLATFORM_WIN32_FALSE=''
PLATFORM_WIN32_TRUE='#'
RANLIB='ranlib'
SED='/usr/bin/sed'
SET_MAKE=''
SHELL='/bin/sh'
SIZEOF_INT='4'
STRIP='strip'
VERSION='1.0.8'
ac_ct_AR='ar'
ac_ct_CC='gcc'
ac_ct_CC_FOR_BUILD='gcc'
ac_ct_DUMPBIN=''
am__EXEEXT_FALSE=''
am__EXEEXT_TRUE='#'
am__fastdepCC_FALSE='#'
am__fastdepCC_TRUE=''
am__include='include'
am__isrc=''
am__leading_dot='.'
am__nodep='_no'
am__quote=''
am__tar='$${TAR-tar} chof - "$$tardir"'
am__untar='$${TAR-tar} xf -'
bindir='${exec_prefix}/bin'
build='x86_64-apple-darwin18.7.0'
build_alias=''
build_cpu='x86_64'
build_os='darwin18.7.0'
build_vendor='apple'
datadir='${datarootdir}'
datarootdir='${prefix}/share'
docdir='${datarootdir}/doc/${PACKAGE_TARNAME}'
dvidir='${docdir}'
exec_prefix='${prefix}'
host='x86_64-apple-darwin18.7.0'
host_alias=''
host_cpu='x86_64'
host_os='darwin18.7.0'
host_vendor='apple'
htmldir='${docdir}'
includedir='${prefix}/include'
infodir='${datarootdir}/info'
install_sh='${SHELL} '\''/Users/vserhiienko/Projects/TransferKitty/TransferKitty/TransferKitty Shared/fribidi-1.0.8/install-sh'\'''
libdir='${exec_prefix}/lib'
libexecdir='${exec_prefix}/libexec'
localedir='${datarootdir}/locale'
localstatedir='${prefix}/var'
mandir='${datarootdir}/man'
mkdir_p='$(MKDIR_P)'
oldincludedir='/usr/include'
pdfdir='${docdir}'
prefix='/usr/local'
program_transform_name='s,x,x,'
psdir='${docdir}'
sbindir='${exec_prefix}/sbin'
sharedstatedir='${prefix}/com'
sysconfdir='${prefix}/etc'
target_alias=''

## ----------- ##
## confdefs.h. ##
## ----------- ##

/* confdefs.h */
#define PACKAGE_NAME "GNU FriBidi"
#define PACKAGE_TARNAME "fribidi"
#define PACKAGE_VERSION "1.0.8"
#define PACKAGE_STRING "GNU FriBidi 1.0.8"
#define PACKAGE_BUGREPORT "https://github.com/fribidi/fribidi/issues/new"
#define PACKAGE_URL "http://fribidi.org/"
#define STDC_HEADERS 1
#define HAVE_SYS_TYPES_H 1
#define HAVE_SYS_STAT_H 1
#define HAVE_STDLIB_H 1
#define HAVE_STRING_H 1
#define HAVE_MEMORY_H 1
#define HAVE_STRINGS_H 1
#define HAVE_INTTYPES_H 1
#define HAVE_STDINT_H 1
#define HAVE_UNISTD_H 1
#define HAVE_DLFCN_H 1
#define LT_OBJDIR ".libs/"
#define STDC_HEADERS 1
#define HAVE_STDLIB_H 1
#define HAVE_STRING_H 1
#define HAVE_STRINGS_H 1
#define HAVE_WCHAR_H 1
#define HAVE_SYS_TIMES_H 1
#define HAVE_STRINGIZE 1
#define SIZEOF_INT 4
#define SIZEOF_SHORT 2
#define SIZEOF_VOID_P 8
#define SIZEOF_WCHAR_T 4
#define HAVE_MEMMOVE 1
#define HAVE_MEMSET 1
#define HAVE_STRDUP 1
#define RETSIGTYPE void

configure: exit 0
